<?xml version="1.0" encoding="UTF-8"?>
<!-- Generated by org.testng.reporters.JUnitXMLReporter -->
<testsuite ignored="0" hostname="NAIM" failures="0" tests="8" name="Test" time="45.262" errors="0" timestamp="2023-08-23T01:48:54 EDT">
  <testcase classname="seleniumWebDriverPracticeOnEbay.Locators" name="id_LocatorTest" time="1.119"/>
  <testcase classname="seleniumWebDriverPracticeOnEbay.Locators" name="name_LocatorTest" time="1.274"/>
  <testcase classname="seleniumWebDriverPracticeOnEbay.Locators" name="tagName_LocatorTest" time="1.095"/>
  <testcase classname="seleniumWebDriverPracticeOnEbay.Locators" name="xpath_LocatorTest" time="1.277"/>
  <testcase classname="seleniumWebDriverPracticeOnEbay.Locators" name="cssSelector_LocatorTest" time="1.205"/>
  <testcase classname="seleniumWebDriverPracticeOnEbay.Locators" name="className_LocatorTest" time="2.982"/>
  <testcase classname="seleniumWebDriverPracticeOnEbay.Locators" name="linkText_LocatorTest" time="3.094"/>
  <testcase classname="seleniumWebDriverPracticeOnEbay.Locators" name="partialLinkText_LocatorTest" time="3.196"/>
</testsuite> <!-- Test -->
