<?xml version="1.0" encoding="UTF-8"?>
<!-- Generated by org.testng.reporters.JUnitXMLReporter -->
<testsuite ignored="0" hostname="NAIM" failures="0" tests="8" name="Test" time="48.975" errors="0" timestamp="2023-08-23T01:45:24 EDT">
  <testcase classname="seleniumWebDriverPracticeOnEbay.Locators" name="id_LocatorTest" time="1.3"/>
  <testcase classname="seleniumWebDriverPracticeOnEbay.Locators" name="name_LocatorTest" time="1.135"/>
  <testcase classname="seleniumWebDriverPracticeOnEbay.Locators" name="tagName_LocatorTest" time="1.189"/>
  <testcase classname="seleniumWebDriverPracticeOnEbay.Locators" name="xpath_LocatorTest" time="1.28"/>
  <testcase classname="seleniumWebDriverPracticeOnEbay.Locators" name="cssSelector_LocatorTest" time="1.273"/>
  <testcase classname="seleniumWebDriverPracticeOnEbay.Locators" name="className_LocatorTest" time="2.968"/>
  <testcase classname="seleniumWebDriverPracticeOnEbay.Locators" name="linkText_LocatorTest" time="3.09"/>
  <testcase classname="seleniumWebDriverPracticeOnEbay.Locators" name="partialLinkText_LocatorTest" time="3.28"/>
</testsuite> <!-- Test -->
