<?xml version="1.0" encoding="UTF-8"?>
<testsuite xmlns:xsi="http://www.w3.org/2001/XMLSchema-instance" xsi:noNamespaceSchemaLocation="https://maven.apache.org/surefire/maven-surefire-plugin/xsd/surefire-test-report.xsd" name="TestSuite" time="111.534" tests="11" errors="0" skipped="2" failures="2">
  <properties>
[...]
</properties>
  <testcase name="id_LocatorTest" classname="seleniumWebDriverPracticeOnEbay.LocatorsTest" time="0">
    <skipped message="no such element: Unable to locate element: {&quot;method&quot;:&quot;css selector&quot;,&quot;selector&quot;:&quot;#gh\-logo0&quot;}&#10;  (Session info: chrome=116.0.5845.140)&#10;For documentation on this error, please visit: https://www.selenium.dev/documentation/webdriver/troubleshooting/errors#no-such-element-exception&#10;Build info: version: &apos;4.11.0&apos;, revision: &apos;040bc5406b&apos;&#10;System info: os.name: &apos;Windows 11&apos;, os.arch: &apos;amd64&apos;, os.version: &apos;10.0&apos;, java.version: &apos;17.0.7&apos;&#10;Driver info: org.openqa.selenium.chrome.ChromeDriver&#10;Command: [395fbf6a348315c94de33e273fd4096d, findElement {using=id, value=gh-logo0}]&#10;Capabilities {acceptInsecureCerts: true, browserName: chrome, browserVersion: 116.0.5845.140, chrome: {chromedriverVersion: 116.0.5845.96 (1a3918166880..., userDataDir: C:\Users\naimn\AppData\Loca...}, fedcm:accounts: true, goog:chromeOptions: {debuggerAddress: localhost:52034}, networkConnectionEnabled: false, pageLoadStrategy: normal, platformName: windows, proxy: Proxy(), se:cdp: ws://localhost:52034/devtoo..., se:cdpVersion: 116.0.5845.140, setWindowRect: true, strictFileInteractability: false, timeouts: {implicit: 0, pageLoad: 300000, script: 30000}, unhandledPromptBehavior: dismiss and notify, webauthn:extension:credBlob: true, webauthn:extension:largeBlob: true, webauthn:extension:minPinLength: true, webauthn:extension:prf: true, webauthn:virtualAuthenticators: true}&#10;Session ID: 395fbf6a348315c94de33e273fd4096d"/>
    <system-out><![CDATA[Deleted: C:\Users\naimn\DEV\IDE\eclipse\seleniumWebDriverPracticeOnEbay\reportsAndScreenshoots\id_LocatorTest2023-08-31T00_10_12_613625800.png
Deleted: C:\Users\naimn\DEV\IDE\eclipse\seleniumWebDriverPracticeOnEbay\reportsAndScreenshoots\verifyAllFooterLinks2023-08-31T00_11_52_391976100.png
Moved: seleniumWebDriverPracticeOnEbay2023-08-31T00_09_52_425299300.html
All files moved successfully!
TestBed cleaned up
id_LocatorTest execution is started on TestNG-tests-1@1104443373
]]></system-out>
    <system-err><![CDATA[SLF4J: Failed to load class "org.slf4j.impl.StaticLoggerBinder".
SLF4J: Defaulting to no-operation (NOP) logger implementation
SLF4J: See http://www.slf4j.org/codes.html#StaticLoggerBinder for further details.
ERROR StatusLogger Log4j2 could not find a logging implementation. Please add log4j-core to the classpath. Using SimpleLogger to log to the console...
Aug 31, 2023 12:13:30 AM org.openqa.selenium.devtools.CdpVersionFinder findNearestMatch
WARNING: Unable to find an exact match for CDP version 116, so returning the closest version found: 115
]]></system-err>
  </testcase>
  <testcase name="id_LocatorTest" classname="seleniumWebDriverPracticeOnEbay.LocatorsTest" time="9.263">
    <failure message="no such element: Unable to locate element: {&quot;method&quot;:&quot;css selector&quot;,&quot;selector&quot;:&quot;#gh\-logo0&quot;}&#10;  (Session info: chrome=116.0.5845.140)&#10;For documentation on this error, please visit: https://www.selenium.dev/documentation/webdriver/troubleshooting/errors#no-such-element-exception&#10;Build info: version: &apos;4.11.0&apos;, revision: &apos;040bc5406b&apos;&#10;System info: os.name: &apos;Windows 11&apos;, os.arch: &apos;amd64&apos;, os.version: &apos;10.0&apos;, java.version: &apos;17.0.7&apos;&#10;Driver info: org.openqa.selenium.chrome.ChromeDriver&#10;Command: [6ed9be7878b638ad4b0d8974447dc107, findElement {using=id, value=gh-logo0}]&#10;Capabilities {acceptInsecureCerts: true, browserName: chrome, browserVersion: 116.0.5845.140, chrome: {chromedriverVersion: 116.0.5845.96 (1a3918166880..., userDataDir: C:\Users\naimn\AppData\Loca...}, fedcm:accounts: true, goog:chromeOptions: {debuggerAddress: localhost:52138}, networkConnectionEnabled: false, pageLoadStrategy: normal, platformName: windows, proxy: Proxy(), se:cdp: ws://localhost:52138/devtoo..., se:cdpVersion: 116.0.5845.140, setWindowRect: true, strictFileInteractability: false, timeouts: {implicit: 0, pageLoad: 300000, script: 30000}, unhandledPromptBehavior: dismiss and notify, webauthn:extension:credBlob: true, webauthn:extension:largeBlob: true, webauthn:extension:minPinLength: true, webauthn:extension:prf: true, webauthn:virtualAuthenticators: true}&#10;Session ID: 6ed9be7878b638ad4b0d8974447dc107" type="org.openqa.selenium.NoSuchElementException">org.openqa.selenium.NoSuchElementException: 
no such element: Unable to locate element: {"method":"css selector","selector":"#gh\-logo0"}
  (Session info: chrome=116.0.5845.140)
For documentation on this error, please visit: https://www.selenium.dev/documentation/webdriver/troubleshooting/errors#no-such-element-exception
Build info: version: '4.11.0', revision: '040bc5406b'
System info: os.name: 'Windows 11', os.arch: 'amd64', os.version: '10.0', java.version: '17.0.7'
Driver info: org.openqa.selenium.chrome.ChromeDriver
Command: [6ed9be7878b638ad4b0d8974447dc107, findElement {using=id, value=gh-logo0}]
Capabilities {acceptInsecureCerts: true, browserName: chrome, browserVersion: 116.0.5845.140, chrome: {chromedriverVersion: 116.0.5845.96 (1a3918166880..., userDataDir: C:\Users\naimn\AppData\Loca...}, fedcm:accounts: true, goog:chromeOptions: {debuggerAddress: localhost:52138}, networkConnectionEnabled: false, pageLoadStrategy: normal, platformName: windows, proxy: Proxy(), se:cdp: ws://localhost:52138/devtoo..., se:cdpVersion: 116.0.5845.140, setWindowRect: true, strictFileInteractability: false, timeouts: {implicit: 0, pageLoad: 300000, script: 30000}, unhandledPromptBehavior: dismiss and notify, webauthn:extension:credBlob: true, webauthn:extension:largeBlob: true, webauthn:extension:minPinLength: true, webauthn:extension:prf: true, webauthn:virtualAuthenticators: true}
Session ID: 6ed9be7878b638ad4b0d8974447dc107
	at seleniumWebDriverPracticeOnEbay.LocatorsTest.id_LocatorTest(LocatorsTest.java:31)
</failure>
    <system-out><![CDATA[id_LocatorTest execution is started on TestNG-tests-1@1104443373
]]></system-out>
    <system-err><![CDATA[Aug 31, 2023 12:13:39 AM org.openqa.selenium.devtools.CdpVersionFinder findNearestMatch
WARNING: Unable to find an exact match for CDP version 116, so returning the closest version found: 115
]]></system-err>
  </testcase>
  <testcase name="name_LocatorTest" classname="seleniumWebDriverPracticeOnEbay.LocatorsTest" time="3.795"/>
  <testcase name="tagName_LocatorTest" classname="seleniumWebDriverPracticeOnEbay.LocatorsTest" time="3.61"/>
  <testcase name="xpath_LocatorTest" classname="seleniumWebDriverPracticeOnEbay.LocatorsTest" time="4.045"/>
  <testcase name="cssSelector_LocatorTest" classname="seleniumWebDriverPracticeOnEbay.LocatorsTest" time="3.646"/>
  <testcase name="className_LocatorTest" classname="seleniumWebDriverPracticeOnEbay.LocatorsTest" time="3.776"/>
  <testcase name="linkText_LocatorTest" classname="seleniumWebDriverPracticeOnEbay.LocatorsTest" time="5.764"/>
  <testcase name="partialLinkText_LocatorTest" classname="seleniumWebDriverPracticeOnEbay.LocatorsTest" time="5.748"/>
  <testcase name="verifyAllFooterLinks" classname="seleniumWebDriverPracticeOnEbay.LocatorsTest" time="0">
    <skipped message="The following asserts failed:&#10;	Twitter failed expected [true] but found [false]"/>
    <system-out><![CDATA[verifyAllFooterLinks execution is started on TestNG-tests-1@1104443373
(link= 1) Registration Status code 302
(link= 2) Bidding & buying help Status code 302
(link= 3) Stores Status code 302
(link= 4) eBay for Charity Status code 302
(link= 5) Charity Shop Status code 302
(link= 6) Seasonal Sales and events Status code 302
(link= 7) Start selling Status code 302
(link= 8) How to sell Status code 302
(link= 9) Business sellers Status code 302
(link= 10) Affiliates Status code 200
(link= 11) Developers Status code 302
(link= 12) Security center Status code 200
(link= 13) Site map Status code 200
(link= 14) TCGplayer Status code 200
(link= 15) Facebook Status code 200
(link= 16) Twitter Status code 403
(link= 17) Company info Status code 200
(link= 18) News Status code 200
(link= 19) Investors Status code 200
(link= 20) Careers Status code 200
(link= 21) Diversity & Inclusion Status code 200
(link= 22) Global Impact Status code 200
(link= 23) Government relations Status code 200
(link= 24) Advertise with us Status code 200
(link= 25) Policies Status code 302
(link= 26) Verified Rights Owner (VeRO) Program Status code 302
(link= 27) eCI Licenses Status code 200
(link= 28) Seller Center Status code 302
(link= 29) Contact Us Status code 302
(link= 30) eBay Returns Status code 200
(link= 31) eBay Money Back Guarantee Status code 200
(link= 32) Announcements Status code 200
(link= 33) eBay Community Status code 200
(link= 34) eBay for Business Podcast Status code 200
(link= 35)  Status code 200
(link= 36)  Status code 200
(link= 37)  Status code 200
(link= 38)  Status code 200
(link= 39)  Status code 302
(link= 40)  Status code 302
(link= 41)  Status code 200
(link= 42)  Status code 302
(link= 43)  Status code 200
]]></system-out>
    <system-err><![CDATA[Aug 31, 2023 12:14:20 AM org.openqa.selenium.devtools.CdpVersionFinder findNearestMatch
WARNING: Unable to find an exact match for CDP version 116, so returning the closest version found: 115
]]></system-err>
  </testcase>
  <testcase name="verifyAllFooterLinks" classname="seleniumWebDriverPracticeOnEbay.LocatorsTest" time="27.459">
    <failure message="The following asserts failed:&#10;	Twitter failed expected [true] but found [false]" type="java.lang.AssertionError">java.lang.AssertionError: 
The following asserts failed:
	Twitter failed expected [true] but found [false]
	at seleniumWebDriverPracticeOnEbay.LocatorsTest.verifyAllFooterLinks(LocatorsTest.java:95)
</failure>
    <system-out><![CDATA[verifyAllFooterLinks execution is started on TestNG-tests-1@1104443373
(link= 1) Registration Status code 302
(link= 2) Bidding & buying help Status code 302
(link= 3) Stores Status code 302
(link= 4) eBay for Charity Status code 302
(link= 5) Charity Shop Status code 302
(link= 6) Seasonal Sales and events Status code 302
(link= 7) Start selling Status code 302
(link= 8) How to sell Status code 302
(link= 9) Business sellers Status code 302
(link= 10) Affiliates Status code 200
(link= 11) Developers Status code 302
(link= 12) Security center Status code 200
(link= 13) Site map Status code 200
(link= 14) TCGplayer Status code 200
(link= 15) Facebook Status code 200
(link= 16) Twitter Status code 403
(link= 17) Company info Status code 200
(link= 18) News Status code 200
(link= 19) Investors Status code 200
(link= 20) Careers Status code 200
(link= 21) Diversity & Inclusion Status code 200
(link= 22) Global Impact Status code 200
(link= 23) Government relations Status code 200
(link= 24) Advertise with us Status code 200
(link= 25) Policies Status code 302
(link= 26) Verified Rights Owner (VeRO) Program Status code 302
(link= 27) eCI Licenses Status code 200
(link= 28) Seller Center Status code 302
(link= 29) Contact Us Status code 302
(link= 30) eBay Returns Status code 200
(link= 31) eBay Money Back Guarantee Status code 200
(link= 32) Announcements Status code 200
(link= 33) eBay Community Status code 200
(link= 34) eBay for Business Podcast Status code 200
(link= 35)  Status code 200
(link= 36)  Status code 200
(link= 37)  Status code 200
(link= 38)  Status code 200
(link= 39)  Status code 302
(link= 40)  Status code 302
(link= 41)  Status code 200
(link= 42)  Status code 302
(link= 43)  Status code 200
]]></system-out>
    <system-err><![CDATA[Aug 31, 2023 12:14:50 AM org.openqa.selenium.devtools.CdpVersionFinder findNearestMatch
WARNING: Unable to find an exact match for CDP version 116, so returning the closest version found: 115
]]></system-err>
  </testcase>
</testsuite>